c:\users\jesse\projects\quake-iii-arena\code\renderer\debug_ta\renderer.bsc
c:\users\jesse\projects\quake-iii-arena\code\renderer\debug_ta\renderer.pdb
c:\users\jesse\projects\quake-iii-arena\code\renderer\debug_ta\renderer.idb
c:\users\jesse\projects\quake-iii-arena\code\renderer\debug_ta\jcapimin.sbr
c:\users\jesse\projects\quake-iii-arena\code\renderer\debug_ta\jccoefct.sbr
c:\users\jesse\projects\quake-iii-arena\code\renderer\debug_ta\jccolor.sbr
c:\users\jesse\projects\quake-iii-arena\code\renderer\debug_ta\jcdctmgr.sbr
c:\users\jesse\projects\quake-iii-arena\code\renderer\debug_ta\jchuff.sbr
c:\users\jesse\projects\quake-iii-arena\code\renderer\debug_ta\jcinit.sbr
c:\users\jesse\projects\quake-iii-arena\code\renderer\debug_ta\jcmainct.sbr
c:\users\jesse\projects\quake-iii-arena\code\renderer\debug_ta\jcmarker.sbr
c:\users\jesse\projects\quake-iii-arena\code\renderer\debug_ta\jcmaster.sbr
c:\users\jesse\projects\quake-iii-arena\code\renderer\debug_ta\jcomapi.sbr
c:\users\jesse\projects\quake-iii-arena\code\renderer\debug_ta\jcparam.sbr
c:\users\jesse\projects\quake-iii-arena\code\renderer\debug_ta\jcphuff.sbr
c:\users\jesse\projects\quake-iii-arena\code\renderer\debug_ta\jcprepct.sbr
c:\users\jesse\projects\quake-iii-arena\code\renderer\debug_ta\jcsample.sbr
c:\users\jesse\projects\quake-iii-arena\code\renderer\debug_ta\jctrans.sbr
c:\users\jesse\projects\quake-iii-arena\code\renderer\debug_ta\jdapimin.sbr
c:\users\jesse\projects\quake-iii-arena\code\renderer\debug_ta\jdapistd.sbr
c:\users\jesse\projects\quake-iii-arena\code\renderer\debug_ta\jdatadst.sbr
c:\users\jesse\projects\quake-iii-arena\code\renderer\debug_ta\jdatasrc.sbr
c:\users\jesse\projects\quake-iii-arena\code\renderer\debug_ta\jdcoefct.sbr
c:\users\jesse\projects\quake-iii-arena\code\renderer\debug_ta\jdcoefct.obj
c:\users\jesse\projects\quake-iii-arena\code\renderer\debug_ta\jdatasrc.obj
c:\users\jesse\projects\quake-iii-arena\code\renderer\debug_ta\jdatadst.obj
c:\users\jesse\projects\quake-iii-arena\code\renderer\debug_ta\jdapistd.obj
c:\users\jesse\projects\quake-iii-arena\code\renderer\debug_ta\jdapimin.obj
c:\users\jesse\projects\quake-iii-arena\code\renderer\debug_ta\jctrans.obj
c:\users\jesse\projects\quake-iii-arena\code\renderer\debug_ta\jcsample.obj
c:\users\jesse\projects\quake-iii-arena\code\renderer\debug_ta\jcprepct.obj
c:\users\jesse\projects\quake-iii-arena\code\renderer\debug_ta\jcphuff.obj
c:\users\jesse\projects\quake-iii-arena\code\renderer\debug_ta\jcparam.obj
c:\users\jesse\projects\quake-iii-arena\code\renderer\debug_ta\jcomapi.obj
c:\users\jesse\projects\quake-iii-arena\code\renderer\debug_ta\jcmaster.obj
c:\users\jesse\projects\quake-iii-arena\code\renderer\debug_ta\jcmarker.obj
c:\users\jesse\projects\quake-iii-arena\code\renderer\debug_ta\jcmainct.obj
c:\users\jesse\projects\quake-iii-arena\code\renderer\debug_ta\jcinit.obj
c:\users\jesse\projects\quake-iii-arena\code\renderer\debug_ta\jchuff.obj
c:\users\jesse\projects\quake-iii-arena\code\renderer\debug_ta\jcdctmgr.obj
c:\users\jesse\projects\quake-iii-arena\code\renderer\debug_ta\jccolor.obj
c:\users\jesse\projects\quake-iii-arena\code\renderer\debug_ta\jccoefct.obj
c:\users\jesse\projects\quake-iii-arena\code\renderer\debug_ta\jcapimin.obj
c:\users\jesse\projects\quake-iii-arena\code\renderer\debug_ta\jdcolor.sbr
c:\users\jesse\projects\quake-iii-arena\code\renderer\debug_ta\jddctmgr.sbr
c:\users\jesse\projects\quake-iii-arena\code\renderer\debug_ta\jdhuff.sbr
c:\users\jesse\projects\quake-iii-arena\code\renderer\debug_ta\jdinput.sbr
c:\users\jesse\projects\quake-iii-arena\code\renderer\debug_ta\jdmainct.sbr
c:\users\jesse\projects\quake-iii-arena\code\renderer\debug_ta\jdmarker.sbr
c:\users\jesse\projects\quake-iii-arena\code\renderer\debug_ta\jdmaster.sbr
c:\users\jesse\projects\quake-iii-arena\code\renderer\debug_ta\jdpostct.sbr
c:\users\jesse\projects\quake-iii-arena\code\renderer\debug_ta\jdsample.sbr
c:\users\jesse\projects\quake-iii-arena\code\renderer\debug_ta\jdtrans.sbr
c:\users\jesse\projects\quake-iii-arena\code\renderer\debug_ta\jerror.sbr
c:\users\jesse\projects\quake-iii-arena\code\renderer\debug_ta\jfdctflt.sbr
c:\users\jesse\projects\quake-iii-arena\code\renderer\debug_ta\jidctflt.sbr
c:\users\jesse\projects\quake-iii-arena\code\renderer\debug_ta\jmemmgr.sbr
c:\users\jesse\projects\quake-iii-arena\code\renderer\debug_ta\jmemnobs.sbr
c:\users\jesse\projects\quake-iii-arena\code\renderer\debug_ta\jutils.sbr
c:\users\jesse\projects\quake-iii-arena\code\renderer\debug_ta\win_gamma.sbr
c:\users\jesse\projects\quake-iii-arena\code\renderer\debug_ta\win_glimp.sbr
c:\users\jesse\projects\quake-iii-arena\code\renderer\debug_ta\win_qgl.sbr
c:\users\jesse\projects\quake-iii-arena\code\renderer\debug_ta\tr_animation.sbr
c:\users\jesse\projects\quake-iii-arena\code\renderer\debug_ta\tr_animation.obj
c:\users\jesse\projects\quake-iii-arena\code\renderer\debug_ta\win_qgl.obj
c:\users\jesse\projects\quake-iii-arena\code\renderer\debug_ta\win_glimp.obj
c:\users\jesse\projects\quake-iii-arena\code\renderer\debug_ta\win_gamma.obj
c:\users\jesse\projects\quake-iii-arena\code\renderer\debug_ta\jutils.obj
c:\users\jesse\projects\quake-iii-arena\code\renderer\debug_ta\jmemnobs.obj
c:\users\jesse\projects\quake-iii-arena\code\renderer\debug_ta\jmemmgr.obj
c:\users\jesse\projects\quake-iii-arena\code\renderer\debug_ta\jidctflt.obj
c:\users\jesse\projects\quake-iii-arena\code\renderer\debug_ta\jfdctflt.obj
c:\users\jesse\projects\quake-iii-arena\code\renderer\debug_ta\jerror.obj
c:\users\jesse\projects\quake-iii-arena\code\renderer\debug_ta\jdtrans.obj
c:\users\jesse\projects\quake-iii-arena\code\renderer\debug_ta\jdsample.obj
c:\users\jesse\projects\quake-iii-arena\code\renderer\debug_ta\jdpostct.obj
c:\users\jesse\projects\quake-iii-arena\code\renderer\debug_ta\jdmaster.obj
c:\users\jesse\projects\quake-iii-arena\code\renderer\debug_ta\jdmarker.obj
c:\users\jesse\projects\quake-iii-arena\code\renderer\debug_ta\jdmainct.obj
c:\users\jesse\projects\quake-iii-arena\code\renderer\debug_ta\jdinput.obj
c:\users\jesse\projects\quake-iii-arena\code\renderer\debug_ta\jdhuff.obj
c:\users\jesse\projects\quake-iii-arena\code\renderer\debug_ta\jddctmgr.obj
c:\users\jesse\projects\quake-iii-arena\code\renderer\debug_ta\jdcolor.obj
c:\users\jesse\projects\quake-iii-arena\code\renderer\debug_ta\tr_backend.sbr
c:\users\jesse\projects\quake-iii-arena\code\renderer\debug_ta\tr_bsp.sbr
c:\users\jesse\projects\quake-iii-arena\code\renderer\debug_ta\tr_cmds.sbr
c:\users\jesse\projects\quake-iii-arena\code\renderer\debug_ta\tr_curve.sbr
c:\users\jesse\projects\quake-iii-arena\code\renderer\debug_ta\tr_flares.sbr
c:\users\jesse\projects\quake-iii-arena\code\renderer\debug_ta\tr_font.sbr
c:\users\jesse\projects\quake-iii-arena\code\renderer\debug_ta\tr_image.sbr
c:\users\jesse\projects\quake-iii-arena\code\renderer\debug_ta\tr_init.sbr
c:\users\jesse\projects\quake-iii-arena\code\renderer\debug_ta\tr_light.sbr
c:\users\jesse\projects\quake-iii-arena\code\renderer\debug_ta\tr_main.sbr
c:\users\jesse\projects\quake-iii-arena\code\renderer\debug_ta\tr_marks.sbr
c:\users\jesse\projects\quake-iii-arena\code\renderer\debug_ta\tr_mesh.sbr
c:\users\jesse\projects\quake-iii-arena\code\renderer\debug_ta\tr_model.sbr
c:\users\jesse\projects\quake-iii-arena\code\renderer\debug_ta\tr_noise.sbr
c:\users\jesse\projects\quake-iii-arena\code\renderer\debug_ta\tr_scene.sbr
c:\users\jesse\projects\quake-iii-arena\code\renderer\debug_ta\tr_shade.sbr
c:\users\jesse\projects\quake-iii-arena\code\renderer\debug_ta\tr_shader.sbr
c:\users\jesse\projects\quake-iii-arena\code\renderer\debug_ta\tr_shade_calc.sbr
c:\users\jesse\projects\quake-iii-arena\code\renderer\debug_ta\tr_shadows.sbr
c:\users\jesse\projects\quake-iii-arena\code\renderer\debug_ta\tr_sky.sbr
c:\users\jesse\projects\quake-iii-arena\code\renderer\debug_ta\tr_sky.obj
c:\users\jesse\projects\quake-iii-arena\code\renderer\debug_ta\tr_shadows.obj
c:\users\jesse\projects\quake-iii-arena\code\renderer\debug_ta\tr_shade_calc.obj
c:\users\jesse\projects\quake-iii-arena\code\renderer\debug_ta\tr_shader.obj
c:\users\jesse\projects\quake-iii-arena\code\renderer\debug_ta\tr_shade.obj
c:\users\jesse\projects\quake-iii-arena\code\renderer\debug_ta\tr_scene.obj
c:\users\jesse\projects\quake-iii-arena\code\renderer\debug_ta\tr_noise.obj
c:\users\jesse\projects\quake-iii-arena\code\renderer\debug_ta\tr_model.obj
c:\users\jesse\projects\quake-iii-arena\code\renderer\debug_ta\tr_mesh.obj
c:\users\jesse\projects\quake-iii-arena\code\renderer\debug_ta\tr_marks.obj
c:\users\jesse\projects\quake-iii-arena\code\renderer\debug_ta\tr_main.obj
c:\users\jesse\projects\quake-iii-arena\code\renderer\debug_ta\tr_light.obj
c:\users\jesse\projects\quake-iii-arena\code\renderer\debug_ta\tr_init.obj
c:\users\jesse\projects\quake-iii-arena\code\renderer\debug_ta\tr_image.obj
c:\users\jesse\projects\quake-iii-arena\code\renderer\debug_ta\tr_font.obj
c:\users\jesse\projects\quake-iii-arena\code\renderer\debug_ta\tr_flares.obj
c:\users\jesse\projects\quake-iii-arena\code\renderer\debug_ta\tr_curve.obj
c:\users\jesse\projects\quake-iii-arena\code\renderer\debug_ta\tr_cmds.obj
c:\users\jesse\projects\quake-iii-arena\code\renderer\debug_ta\tr_bsp.obj
c:\users\jesse\projects\quake-iii-arena\code\renderer\debug_ta\tr_backend.obj
c:\users\jesse\projects\quake-iii-arena\code\renderer\debug_ta\tr_surface.sbr
c:\users\jesse\projects\quake-iii-arena\code\renderer\debug_ta\tr_world.sbr
c:\users\jesse\projects\quake-iii-arena\code\renderer\debug_ta\tr_world.obj
c:\users\jesse\projects\quake-iii-arena\code\renderer\debug_ta\tr_surface.obj
c:\users\jesse\projects\quake-iii-arena\code\renderer\debug_ta\renderer.lib
c:\users\jesse\projects\quake-iii-arena\code\renderer\debug_ta\renderer.tlog\bscmake.command.1.tlog
c:\users\jesse\projects\quake-iii-arena\code\renderer\debug_ta\renderer.tlog\bscmake.read.1.tlog
c:\users\jesse\projects\quake-iii-arena\code\renderer\debug_ta\renderer.tlog\bscmake.write.1.tlog
c:\users\jesse\projects\quake-iii-arena\code\renderer\debug_ta\renderer.tlog\cl.command.1.tlog
c:\users\jesse\projects\quake-iii-arena\code\renderer\debug_ta\renderer.tlog\cl.items.tlog
c:\users\jesse\projects\quake-iii-arena\code\renderer\debug_ta\renderer.tlog\cl.read.1.tlog
c:\users\jesse\projects\quake-iii-arena\code\renderer\debug_ta\renderer.tlog\cl.write.1.tlog
c:\users\jesse\projects\quake-iii-arena\code\renderer\debug_ta\renderer.tlog\lib-link.write.1.tlog
c:\users\jesse\projects\quake-iii-arena\code\renderer\debug_ta\renderer.tlog\lib.command.1.tlog
c:\users\jesse\projects\quake-iii-arena\code\renderer\debug_ta\renderer.tlog\lib.read.1.tlog
