c:\users\jesse\projects\quake-iii-arena\code\botlib\debug_ta\botlib.bsc
c:\users\jesse\projects\quake-iii-arena\code\botlib\debug_ta\botlib.pdb
c:\users\jesse\projects\quake-iii-arena\code\botlib\debug_ta\botlib.idb
c:\users\jesse\projects\quake-iii-arena\code\botlib\debug_ta\be_aas_bspq3.sbr
c:\users\jesse\projects\quake-iii-arena\code\botlib\debug_ta\be_aas_cluster.sbr
c:\users\jesse\projects\quake-iii-arena\code\botlib\debug_ta\be_aas_debug.sbr
c:\users\jesse\projects\quake-iii-arena\code\botlib\debug_ta\be_aas_entity.sbr
c:\users\jesse\projects\quake-iii-arena\code\botlib\debug_ta\be_aas_file.sbr
c:\users\jesse\projects\quake-iii-arena\code\botlib\debug_ta\be_aas_main.sbr
c:\users\jesse\projects\quake-iii-arena\code\botlib\debug_ta\be_aas_move.sbr
c:\users\jesse\projects\quake-iii-arena\code\botlib\debug_ta\be_aas_optimize.sbr
c:\users\jesse\projects\quake-iii-arena\code\botlib\debug_ta\be_aas_reach.sbr
c:\users\jesse\projects\quake-iii-arena\code\botlib\debug_ta\be_aas_route.sbr
c:\users\jesse\projects\quake-iii-arena\code\botlib\debug_ta\be_aas_routealt.sbr
c:\users\jesse\projects\quake-iii-arena\code\botlib\debug_ta\be_aas_sample.sbr
c:\users\jesse\projects\quake-iii-arena\code\botlib\debug_ta\be_ai_char.sbr
c:\users\jesse\projects\quake-iii-arena\code\botlib\debug_ta\be_ai_chat.sbr
c:\users\jesse\projects\quake-iii-arena\code\botlib\debug_ta\be_ai_gen.sbr
c:\users\jesse\projects\quake-iii-arena\code\botlib\debug_ta\be_ai_goal.sbr
c:\users\jesse\projects\quake-iii-arena\code\botlib\debug_ta\be_ai_move.sbr
c:\users\jesse\projects\quake-iii-arena\code\botlib\debug_ta\be_ai_weap.sbr
c:\users\jesse\projects\quake-iii-arena\code\botlib\debug_ta\be_ai_weight.sbr
c:\users\jesse\projects\quake-iii-arena\code\botlib\debug_ta\be_ea.sbr
c:\users\jesse\projects\quake-iii-arena\code\botlib\debug_ta\be_ea.obj
c:\users\jesse\projects\quake-iii-arena\code\botlib\debug_ta\be_ai_weight.obj
c:\users\jesse\projects\quake-iii-arena\code\botlib\debug_ta\be_ai_weap.obj
c:\users\jesse\projects\quake-iii-arena\code\botlib\debug_ta\be_ai_move.obj
c:\users\jesse\projects\quake-iii-arena\code\botlib\debug_ta\be_ai_goal.obj
c:\users\jesse\projects\quake-iii-arena\code\botlib\debug_ta\be_ai_gen.obj
c:\users\jesse\projects\quake-iii-arena\code\botlib\debug_ta\be_ai_chat.obj
c:\users\jesse\projects\quake-iii-arena\code\botlib\debug_ta\be_ai_char.obj
c:\users\jesse\projects\quake-iii-arena\code\botlib\debug_ta\be_aas_sample.obj
c:\users\jesse\projects\quake-iii-arena\code\botlib\debug_ta\be_aas_routealt.obj
c:\users\jesse\projects\quake-iii-arena\code\botlib\debug_ta\be_aas_route.obj
c:\users\jesse\projects\quake-iii-arena\code\botlib\debug_ta\be_aas_reach.obj
c:\users\jesse\projects\quake-iii-arena\code\botlib\debug_ta\be_aas_optimize.obj
c:\users\jesse\projects\quake-iii-arena\code\botlib\debug_ta\be_aas_move.obj
c:\users\jesse\projects\quake-iii-arena\code\botlib\debug_ta\be_aas_main.obj
c:\users\jesse\projects\quake-iii-arena\code\botlib\debug_ta\be_aas_file.obj
c:\users\jesse\projects\quake-iii-arena\code\botlib\debug_ta\be_aas_entity.obj
c:\users\jesse\projects\quake-iii-arena\code\botlib\debug_ta\be_aas_debug.obj
c:\users\jesse\projects\quake-iii-arena\code\botlib\debug_ta\be_aas_cluster.obj
c:\users\jesse\projects\quake-iii-arena\code\botlib\debug_ta\be_aas_bspq3.obj
c:\users\jesse\projects\quake-iii-arena\code\botlib\debug_ta\be_interface.sbr
c:\users\jesse\projects\quake-iii-arena\code\botlib\debug_ta\l_crc.sbr
c:\users\jesse\projects\quake-iii-arena\code\botlib\debug_ta\l_libvar.sbr
c:\users\jesse\projects\quake-iii-arena\code\botlib\debug_ta\l_log.sbr
c:\users\jesse\projects\quake-iii-arena\code\botlib\debug_ta\l_memory.sbr
c:\users\jesse\projects\quake-iii-arena\code\botlib\debug_ta\l_precomp.sbr
c:\users\jesse\projects\quake-iii-arena\code\botlib\debug_ta\l_script.sbr
c:\users\jesse\projects\quake-iii-arena\code\botlib\debug_ta\l_struct.sbr
c:\users\jesse\projects\quake-iii-arena\code\botlib\debug_ta\l_struct.obj
c:\users\jesse\projects\quake-iii-arena\code\botlib\debug_ta\l_script.obj
c:\users\jesse\projects\quake-iii-arena\code\botlib\debug_ta\l_precomp.obj
c:\users\jesse\projects\quake-iii-arena\code\botlib\debug_ta\l_memory.obj
c:\users\jesse\projects\quake-iii-arena\code\botlib\debug_ta\l_log.obj
c:\users\jesse\projects\quake-iii-arena\code\botlib\debug_ta\l_libvar.obj
c:\users\jesse\projects\quake-iii-arena\code\botlib\debug_ta\l_crc.obj
c:\users\jesse\projects\quake-iii-arena\code\botlib\debug_ta\be_interface.obj
c:\users\jesse\projects\quake-iii-arena\code\botlib\debug_ta\botlib.lib
c:\users\jesse\projects\quake-iii-arena\code\botlib\debug_ta\botlib.tlog\bscmake.command.1.tlog
c:\users\jesse\projects\quake-iii-arena\code\botlib\debug_ta\botlib.tlog\bscmake.read.1.tlog
c:\users\jesse\projects\quake-iii-arena\code\botlib\debug_ta\botlib.tlog\bscmake.write.1.tlog
c:\users\jesse\projects\quake-iii-arena\code\botlib\debug_ta\botlib.tlog\cl.command.1.tlog
c:\users\jesse\projects\quake-iii-arena\code\botlib\debug_ta\botlib.tlog\cl.items.tlog
c:\users\jesse\projects\quake-iii-arena\code\botlib\debug_ta\botlib.tlog\cl.read.1.tlog
c:\users\jesse\projects\quake-iii-arena\code\botlib\debug_ta\botlib.tlog\cl.write.1.tlog
c:\users\jesse\projects\quake-iii-arena\code\botlib\debug_ta\botlib.tlog\lib-link.write.1.tlog
c:\users\jesse\projects\quake-iii-arena\code\botlib\debug_ta\botlib.tlog\lib.command.1.tlog
c:\users\jesse\projects\quake-iii-arena\code\botlib\debug_ta\botlib.tlog\lib.read.1.tlog
