c:\users\jesse\projects\quake-iii-arena\code\ui\debug_ta\ui.bsc
c:\users\jesse\projects\quake-iii-arena\code\ui\debug_ta\vc143.pdb
c:\users\jesse\projects\quake-iii-arena\code\ui\debug_ta\vc143.idb
c:\users\jesse\projects\quake-iii-arena\code\ui\debug_ta\bg_misc.sbr
c:\users\jesse\projects\quake-iii-arena\code\ui\debug_ta\q_math.sbr
c:\users\jesse\projects\quake-iii-arena\code\ui\debug_ta\q_shared.sbr
c:\users\jesse\projects\quake-iii-arena\code\ui\debug_ta\ui_atoms.sbr
c:\users\jesse\projects\quake-iii-arena\code\ui\debug_ta\ui_gameinfo.sbr
c:\users\jesse\projects\quake-iii-arena\code\ui\debug_ta\ui_main.sbr
c:\users\jesse\projects\quake-iii-arena\code\ui\debug_ta\ui_players.sbr
c:\users\jesse\projects\quake-iii-arena\code\ui\debug_ta\ui_shared.sbr
c:\users\jesse\projects\quake-iii-arena\code\ui\debug_ta\ui_syscalls.sbr
c:\users\jesse\projects\quake-iii-arena\code\ui\debug_ta\ui_util.sbr
c:\users\jesse\projects\quake-iii-arena\code\ui\debug_ta\ui_util.obj
c:\users\jesse\projects\quake-iii-arena\code\ui\debug_ta\ui_syscalls.obj
c:\users\jesse\projects\quake-iii-arena\code\ui\debug_ta\ui_shared.obj
c:\users\jesse\projects\quake-iii-arena\code\ui\debug_ta\ui_players.obj
c:\users\jesse\projects\quake-iii-arena\code\ui\debug_ta\ui_main.obj
c:\users\jesse\projects\quake-iii-arena\code\ui\debug_ta\ui_gameinfo.obj
c:\users\jesse\projects\quake-iii-arena\code\ui\debug_ta\ui_atoms.obj
c:\users\jesse\projects\quake-iii-arena\code\ui\debug_ta\q_shared.obj
c:\users\jesse\projects\quake-iii-arena\code\ui\debug_ta\q_math.obj
c:\users\jesse\projects\quake-iii-arena\code\ui\debug_ta\bg_misc.obj
c:\users\jesse\projects\quake-iii-arena\code\ui\debug_ta\uix86.lib
c:\users\jesse\projects\quake-iii-arena\code\ui\debug_ta\uix86.exp
c:\users\jesse\projects\quake-iii-arena\code\debug_ta\uix86.dll
c:\users\jesse\projects\quake-iii-arena\code\ui\debug_ta\uix86.map
c:\users\jesse\projects\quake-iii-arena\code\debug\ui.pdb
c:\users\jesse\projects\quake-iii-arena\code\ui\debug_ta\ui.tlog\bscmake.command.1.tlog
c:\users\jesse\projects\quake-iii-arena\code\ui\debug_ta\ui.tlog\bscmake.read.1.tlog
c:\users\jesse\projects\quake-iii-arena\code\ui\debug_ta\ui.tlog\bscmake.write.1.tlog
c:\users\jesse\projects\quake-iii-arena\code\ui\debug_ta\ui.tlog\cl.command.1.tlog
c:\users\jesse\projects\quake-iii-arena\code\ui\debug_ta\ui.tlog\cl.items.tlog
c:\users\jesse\projects\quake-iii-arena\code\ui\debug_ta\ui.tlog\cl.read.1.tlog
c:\users\jesse\projects\quake-iii-arena\code\ui\debug_ta\ui.tlog\cl.write.1.tlog
c:\users\jesse\projects\quake-iii-arena\code\ui\debug_ta\ui.tlog\link.command.1.tlog
c:\users\jesse\projects\quake-iii-arena\code\ui\debug_ta\ui.tlog\link.read.1.tlog
c:\users\jesse\projects\quake-iii-arena\code\ui\debug_ta\ui.tlog\link.write.1.tlog
c:\users\jesse\projects\quake-iii-arena\code\ui\debug_ta\ui.tlog\link.write.2u.tlog
