c:\users\jesse\projects\quake-iii-arena\code\game\debugaxp\vc143.pdb
c:\users\jesse\projects\quake-iii-arena\code\game\debugaxp\g_mem.obj
c:\users\jesse\projects\quake-iii-arena\code\game\debugaxp\g_main.obj
c:\users\jesse\projects\quake-iii-arena\code\game\debugaxp\g_items.obj
c:\users\jesse\projects\quake-iii-arena\code\game\debugaxp\g_combat.obj
c:\users\jesse\projects\quake-iii-arena\code\game\debugaxp\g_cmds.obj
c:\users\jesse\projects\quake-iii-arena\code\game\debugaxp\g_client.obj
c:\users\jesse\projects\quake-iii-arena\code\game\debugaxp\g_bot.obj
c:\users\jesse\projects\quake-iii-arena\code\game\debugaxp\g_arenas.obj
c:\users\jesse\projects\quake-iii-arena\code\game\debugaxp\g_active.obj
c:\users\jesse\projects\quake-iii-arena\code\game\debugaxp\bg_slidemove.obj
c:\users\jesse\projects\quake-iii-arena\code\game\debugaxp\bg_pmove.obj
c:\users\jesse\projects\quake-iii-arena\code\game\debugaxp\bg_misc.obj
c:\users\jesse\projects\quake-iii-arena\code\game\debugaxp\bg_lib.obj
c:\users\jesse\projects\quake-iii-arena\code\game\debugaxp\ai_vcmd.obj
c:\users\jesse\projects\quake-iii-arena\code\game\debugaxp\ai_team.obj
c:\users\jesse\projects\quake-iii-arena\code\game\debugaxp\ai_main.obj
c:\users\jesse\projects\quake-iii-arena\code\game\debugaxp\ai_dmq3.obj
c:\users\jesse\projects\quake-iii-arena\code\game\debugaxp\ai_dmnet.obj
c:\users\jesse\projects\quake-iii-arena\code\game\debugaxp\ai_cmd.obj
c:\users\jesse\projects\quake-iii-arena\code\game\debugaxp\ai_chat.obj
c:\users\jesse\projects\quake-iii-arena\code\game\debugaxp\q_shared.obj
c:\users\jesse\projects\quake-iii-arena\code\game\debugaxp\q_math.obj
c:\users\jesse\projects\quake-iii-arena\code\game\debugaxp\g_weapon.obj
c:\users\jesse\projects\quake-iii-arena\code\game\debugaxp\g_utils.obj
c:\users\jesse\projects\quake-iii-arena\code\game\debugaxp\g_trigger.obj
c:\users\jesse\projects\quake-iii-arena\code\game\debugaxp\g_team.obj
c:\users\jesse\projects\quake-iii-arena\code\game\debugaxp\g_target.obj
c:\users\jesse\projects\quake-iii-arena\code\game\debugaxp\g_syscalls.obj
c:\users\jesse\projects\quake-iii-arena\code\game\debugaxp\g_svcmds.obj
c:\users\jesse\projects\quake-iii-arena\code\game\debugaxp\g_spawn.obj
c:\users\jesse\projects\quake-iii-arena\code\game\debugaxp\g_session.obj
c:\users\jesse\projects\quake-iii-arena\code\game\debugaxp\g_mover.obj
c:\users\jesse\projects\quake-iii-arena\code\game\debugaxp\g_missile.obj
c:\users\jesse\projects\quake-iii-arena\code\game\debugaxp\g_misc.obj
c:\users\jesse\projects\quake-iii-arena\code\game\debugaxp\g_grunt.obj
c:\users\jesse\projects\quake-iii-arena\code\game\debugaxp\ai_monster.obj
c:\users\jesse\projects\quake-iii-arena\code\debugaxp\qagameaxp.dll
c:\users\jesse\projects\quake-iii-arena\code\debugaxp\qagameaxp.pdb
c:\users\jesse\projects\quake-iii-arena\code\debugaxp\qagameaxp.lib
c:\users\jesse\projects\quake-iii-arena\code\debugaxp\qagameaxp.exp
c:\users\jesse\projects\quake-iii-arena\code\game\debugaxp\game.tlog\cl.command.1.tlog
c:\users\jesse\projects\quake-iii-arena\code\game\debugaxp\game.tlog\cl.items.tlog
c:\users\jesse\projects\quake-iii-arena\code\game\debugaxp\game.tlog\cl.read.1.tlog
c:\users\jesse\projects\quake-iii-arena\code\game\debugaxp\game.tlog\cl.write.1.tlog
c:\users\jesse\projects\quake-iii-arena\code\game\debugaxp\game.tlog\link.command.1.tlog
c:\users\jesse\projects\quake-iii-arena\code\game\debugaxp\game.tlog\link.read.1.tlog
c:\users\jesse\projects\quake-iii-arena\code\game\debugaxp\game.tlog\link.write.1.tlog
c:\users\jesse\projects\quake-iii-arena\code\game\debugaxp\game.tlog\link.write.2u.tlog
