c:\users\jesse\projects\quake-iii-arena\code\cgame\debug_ta\cgame.bsc
c:\users\jesse\projects\quake-iii-arena\code\cgame\debug_ta\vc143.pdb
c:\users\jesse\projects\quake-iii-arena\code\cgame\debug_ta\vc143.idb
c:\users\jesse\projects\quake-iii-arena\code\cgame\debug_ta\bg_misc.sbr
c:\users\jesse\projects\quake-iii-arena\code\cgame\debug_ta\bg_pmove.sbr
c:\users\jesse\projects\quake-iii-arena\code\cgame\debug_ta\bg_slidemove.sbr
c:\users\jesse\projects\quake-iii-arena\code\cgame\debug_ta\q_math.sbr
c:\users\jesse\projects\quake-iii-arena\code\cgame\debug_ta\q_shared.sbr
c:\users\jesse\projects\quake-iii-arena\code\cgame\debug_ta\ui_shared.sbr
c:\users\jesse\projects\quake-iii-arena\code\cgame\debug_ta\cg_consolecmds.sbr
c:\users\jesse\projects\quake-iii-arena\code\cgame\debug_ta\cg_draw.sbr
c:\users\jesse\projects\quake-iii-arena\code\cgame\debug_ta\cg_drawtools.sbr
c:\users\jesse\projects\quake-iii-arena\code\cgame\debug_ta\cg_effects.sbr
c:\users\jesse\projects\quake-iii-arena\code\cgame\debug_ta\cg_ents.sbr
c:\users\jesse\projects\quake-iii-arena\code\cgame\debug_ta\cg_event.sbr
c:\users\jesse\projects\quake-iii-arena\code\cgame\debug_ta\cg_info.sbr
c:\users\jesse\projects\quake-iii-arena\code\cgame\debug_ta\cg_localents.sbr
c:\users\jesse\projects\quake-iii-arena\code\cgame\debug_ta\cg_main.sbr
c:\users\jesse\projects\quake-iii-arena\code\cgame\debug_ta\cg_marks.sbr
c:\users\jesse\projects\quake-iii-arena\code\cgame\debug_ta\cg_newdraw.sbr
c:\users\jesse\projects\quake-iii-arena\code\cgame\debug_ta\cg_players.sbr
c:\users\jesse\projects\quake-iii-arena\code\cgame\debug_ta\cg_playerstate.sbr
c:\users\jesse\projects\quake-iii-arena\code\cgame\debug_ta\cg_predict.sbr
c:\users\jesse\projects\quake-iii-arena\code\cgame\debug_ta\cg_predict.obj
c:\users\jesse\projects\quake-iii-arena\code\cgame\debug_ta\cg_playerstate.obj
c:\users\jesse\projects\quake-iii-arena\code\cgame\debug_ta\cg_players.obj
c:\users\jesse\projects\quake-iii-arena\code\cgame\debug_ta\cg_newdraw.obj
c:\users\jesse\projects\quake-iii-arena\code\cgame\debug_ta\cg_marks.obj
c:\users\jesse\projects\quake-iii-arena\code\cgame\debug_ta\cg_main.obj
c:\users\jesse\projects\quake-iii-arena\code\cgame\debug_ta\cg_localents.obj
c:\users\jesse\projects\quake-iii-arena\code\cgame\debug_ta\cg_info.obj
c:\users\jesse\projects\quake-iii-arena\code\cgame\debug_ta\cg_event.obj
c:\users\jesse\projects\quake-iii-arena\code\cgame\debug_ta\cg_ents.obj
c:\users\jesse\projects\quake-iii-arena\code\cgame\debug_ta\cg_effects.obj
c:\users\jesse\projects\quake-iii-arena\code\cgame\debug_ta\cg_drawtools.obj
c:\users\jesse\projects\quake-iii-arena\code\cgame\debug_ta\cg_draw.obj
c:\users\jesse\projects\quake-iii-arena\code\cgame\debug_ta\cg_consolecmds.obj
c:\users\jesse\projects\quake-iii-arena\code\cgame\debug_ta\ui_shared.obj
c:\users\jesse\projects\quake-iii-arena\code\cgame\debug_ta\q_shared.obj
c:\users\jesse\projects\quake-iii-arena\code\cgame\debug_ta\q_math.obj
c:\users\jesse\projects\quake-iii-arena\code\cgame\debug_ta\bg_slidemove.obj
c:\users\jesse\projects\quake-iii-arena\code\cgame\debug_ta\bg_pmove.obj
c:\users\jesse\projects\quake-iii-arena\code\cgame\debug_ta\bg_misc.obj
c:\users\jesse\projects\quake-iii-arena\code\cgame\debug_ta\cg_scoreboard.sbr
c:\users\jesse\projects\quake-iii-arena\code\cgame\debug_ta\cg_servercmds.sbr
c:\users\jesse\projects\quake-iii-arena\code\cgame\debug_ta\cg_snapshot.sbr
c:\users\jesse\projects\quake-iii-arena\code\cgame\debug_ta\cg_syscalls.sbr
c:\users\jesse\projects\quake-iii-arena\code\cgame\debug_ta\cg_view.sbr
c:\users\jesse\projects\quake-iii-arena\code\cgame\debug_ta\cg_weapons.sbr
c:\users\jesse\projects\quake-iii-arena\code\cgame\debug_ta\cg_weapons.obj
c:\users\jesse\projects\quake-iii-arena\code\cgame\debug_ta\cg_view.obj
c:\users\jesse\projects\quake-iii-arena\code\cgame\debug_ta\cg_syscalls.obj
c:\users\jesse\projects\quake-iii-arena\code\cgame\debug_ta\cg_snapshot.obj
c:\users\jesse\projects\quake-iii-arena\code\cgame\debug_ta\cg_servercmds.obj
c:\users\jesse\projects\quake-iii-arena\code\cgame\debug_ta\cg_scoreboard.obj
c:\users\jesse\projects\quake-iii-arena\code\cgame\debug_ta\cgamex86.lib
c:\users\jesse\projects\quake-iii-arena\code\cgame\debug_ta\cgamex86.exp
c:\users\jesse\projects\quake-iii-arena\code\debug_ta\cgamex86.dll
c:\users\jesse\projects\quake-iii-arena\code\cgame\debug_ta\cgamex86.map
c:\users\jesse\projects\quake-iii-arena\code\cgame\debug_ta\cgamex86.pdb
c:\users\jesse\projects\quake-iii-arena\code\cgame\debug_ta\cgame.tlog\bscmake.command.1.tlog
c:\users\jesse\projects\quake-iii-arena\code\cgame\debug_ta\cgame.tlog\bscmake.read.1.tlog
c:\users\jesse\projects\quake-iii-arena\code\cgame\debug_ta\cgame.tlog\bscmake.write.1.tlog
c:\users\jesse\projects\quake-iii-arena\code\cgame\debug_ta\cgame.tlog\cl.command.1.tlog
c:\users\jesse\projects\quake-iii-arena\code\cgame\debug_ta\cgame.tlog\cl.items.tlog
c:\users\jesse\projects\quake-iii-arena\code\cgame\debug_ta\cgame.tlog\cl.read.1.tlog
c:\users\jesse\projects\quake-iii-arena\code\cgame\debug_ta\cgame.tlog\cl.write.1.tlog
c:\users\jesse\projects\quake-iii-arena\code\cgame\debug_ta\cgame.tlog\link.command.1.tlog
c:\users\jesse\projects\quake-iii-arena\code\cgame\debug_ta\cgame.tlog\link.read.1.tlog
c:\users\jesse\projects\quake-iii-arena\code\cgame\debug_ta\cgame.tlog\link.write.1.tlog
c:\users\jesse\projects\quake-iii-arena\code\cgame\debug_ta\cgame.tlog\link.write.2u.tlog
